Using pre-set license
Built from '2021.3/staging' branch; Version is '2021.3.1f1 (3b70a0754835) revision 3895456'; Using compiler version '192829333'; Build Type 'Release'
OS: 'Windows 10  (10.0.19044) 64bit Core' Language: 'ko' Physical Memory: 16297 MB
BatchMode: 1, IsHumanControllingUs: 0, StartBugReporterOnCrash: 0, Is64bit: 1, IsPro: 1

COMMAND LINE ARGUMENTS:
C:\Program Files\Unity\Hub\Editor\2021.3.1f1\Editor\Unity.exe
-adb2
-batchMode
-noUpm
-name
AssetImportWorker2
-projectPath
C:/project/survival-game/SurvivalGame
-logFile
Logs/AssetImportWorker2.log
-srvPort
60360
Successfully changed project path to: C:/project/survival-game/SurvivalGame
C:/project/survival-game/SurvivalGame
[UnityMemory] Configuration Parameters - Can be set up in boot.config
    "memorysetup-bucket-allocator-granularity=16"
    "memorysetup-bucket-allocator-bucket-count=8"
    "memorysetup-bucket-allocator-block-size=33554432"
    "memorysetup-bucket-allocator-block-count=8"
    "memorysetup-main-allocator-block-size=16777216"
    "memorysetup-thread-allocator-block-size=16777216"
    "memorysetup-gfx-main-allocator-block-size=16777216"
    "memorysetup-gfx-thread-allocator-block-size=16777216"
    "memorysetup-cache-allocator-block-size=4194304"
    "memorysetup-typetree-allocator-block-size=2097152"
    "memorysetup-profiler-bucket-allocator-granularity=16"
    "memorysetup-profiler-bucket-allocator-bucket-count=8"
    "memorysetup-profiler-bucket-allocator-block-size=33554432"
    "memorysetup-profiler-bucket-allocator-block-count=8"
    "memorysetup-profiler-allocator-block-size=16777216"
    "memorysetup-profiler-editor-allocator-block-size=1048576"
    "memorysetup-temp-allocator-size-main=16777216"
    "memorysetup-job-temp-allocator-block-size=2097152"
    "memorysetup-job-temp-allocator-block-size-background=1048576"
    "memorysetup-job-temp-allocator-reduction-small-platforms=262144"
    "memorysetup-temp-allocator-size-background-worker=32768"
    "memorysetup-temp-allocator-size-job-worker=262144"
    "memorysetup-temp-allocator-size-preload-manager=33554432"
    "memorysetup-temp-allocator-size-nav-mesh-worker=65536"
    "memorysetup-temp-allocator-size-audio-worker=65536"
    "memorysetup-temp-allocator-size-cloud-worker=32768"
    "memorysetup-temp-allocator-size-gi-baking-worker=262144"
    "memorysetup-temp-allocator-size-gfx=262144"
Refreshing native plugins compatible for Editor in 74.52 ms, found 3 plugins.
Preloading 0 native plugins for Editor in 0.00 ms.
Initialize engine version: 2021.3.1f1 (3b70a0754835)
[Subsystems] Discovering subsystems at path C:/Program Files/Unity/Hub/Editor/2021.3.1f1/Editor/Data/Resources/UnitySubsystems
[Subsystems] Discovering subsystems at path C:/project/survival-game/SurvivalGame/Assets
GfxDevice: creating device client; threaded=0; jobified=0
Direct3D:
    Version:  Direct3D 11.0 [level 11.1]
    Renderer: NVIDIA GeForce GTX 1060 6GB (ID=0x1c03)
    Vendor:   NVIDIA
    VRAM:     6052 MB
    Driver:   31.0.15.1694
Initialize mono
Mono path[0] = 'C:/Program Files/Unity/Hub/Editor/2021.3.1f1/Editor/Data/Managed'
Mono path[1] = 'C:/Program Files/Unity/Hub/Editor/2021.3.1f1/Editor/Data/MonoBleedingEdge/lib/mono/unityjit-win32'
Mono config path = 'C:/Program Files/Unity/Hub/Editor/2021.3.1f1/Editor/Data/MonoBleedingEdge/etc'
Using monoOptions --debugger-agent=transport=dt_socket,embedding=1,server=y,suspend=n,address=127.0.0.1:56436
Begin MonoManager ReloadAssembly
Registering precompiled unity dll's ...
Register platform support module: C:/Program Files/Unity/Hub/Editor/2021.3.1f1/Editor/Data/PlaybackEngines/WebGLSupport/UnityEditor.WebGL.Extensions.dll
Register platform support module: C:/Program Files/Unity/Hub/Editor/2021.3.1f1/Editor/Data/PlaybackEngines/WindowsStandaloneSupport/UnityEditor.WindowsStandalone.Extensions.dll
Registered in 0.015663 seconds.
Native extension for WindowsStandalone target not found
Native extension for WebGL target not found
Refreshing native plugins compatible for Editor in 75.21 ms, found 3 plugins.
Preloading 0 native plugins for Editor in 0.00 ms.
Mono: successfully reloaded assembly
- Completed reload, in  0.693 seconds
Domain Reload Profiling:
	ReloadAssembly (694ms)
		BeginReloadAssembly (99ms)
			ExecutionOrderSort (0ms)
			DisableScriptedObjects (0ms)
			BackupInstance (0ms)
			ReleaseScriptingObjects (0ms)
			CreateAndSetChildDomain (1ms)
		EndReloadAssembly (461ms)
			LoadAssemblies (96ms)
			RebuildTransferFunctionScriptingTraits (0ms)
			SetupTypeCache (107ms)
			ReleaseScriptCaches (0ms)
			RebuildScriptCaches (29ms)
			SetupLoadedEditorAssemblies (270ms)
				LogAssemblyErrors (0ms)
				InitializePlatformSupportModulesInManaged (12ms)
				SetLoadedEditorAssemblies (0ms)
				RefreshPlugins (75ms)
				BeforeProcessingInitializeOnLoad (1ms)
				ProcessInitializeOnLoadAttributes (123ms)
				ProcessInitializeOnLoadMethodAttributes (57ms)
				AfterProcessingInitializeOnLoad (0ms)
				EditorAssembliesLoaded (0ms)
			ExecutionOrderSort2 (0ms)
			AwakeInstancesAfterBackupRestoration (0ms)
Platform modules already initialized, skipping
Registering precompiled user dll's ...
Registered in 0.008249 seconds.
Begin MonoManager ReloadAssembly
Symbol file LoadedFromMemory doesn't match image C:\project\survival-game\SurvivalGame\Library\PackageCache\com.unity.visualscripting@1.7.6\Editor\VisualScripting.Core\Dependencies\YamlDotNet\Unity.VisualScripting.YamlDotNet.dll
Symbol file LoadedFromMemory is not a mono symbol file
Symbol file LoadedFromMemory doesn't match image C:\project\survival-game\SurvivalGame\Library\PackageCache\com.unity.visualscripting@1.7.6\Editor\VisualScripting.Core\Dependencies\DotNetZip\Unity.VisualScripting.IonicZip.dll
Native extension for WindowsStandalone target not found
Native extension for WebGL target not found
Refreshing native plugins compatible for Editor in 0.49 ms, found 3 plugins.
Preloading 0 native plugins for Editor in 0.00 ms.
Mono: successfully reloaded assembly
- Completed reload, in  1.065 seconds
Domain Reload Profiling:
	ReloadAssembly (1066ms)
		BeginReloadAssembly (132ms)
			ExecutionOrderSort (0ms)
			DisableScriptedObjects (6ms)
			BackupInstance (0ms)
			ReleaseScriptingObjects (0ms)
			CreateAndSetChildDomain (18ms)
		EndReloadAssembly (810ms)
			LoadAssemblies (119ms)
			RebuildTransferFunctionScriptingTraits (0ms)
			SetupTypeCache (247ms)
			ReleaseScriptCaches (1ms)
			RebuildScriptCaches (52ms)
			SetupLoadedEditorAssemblies (362ms)
				LogAssemblyErrors (0ms)
				InitializePlatformSupportModulesInManaged (11ms)
				SetLoadedEditorAssemblies (0ms)
				RefreshPlugins (1ms)
				BeforeProcessingInitializeOnLoad (96ms)
				ProcessInitializeOnLoadAttributes (214ms)
				ProcessInitializeOnLoadMethodAttributes (24ms)
				AfterProcessingInitializeOnLoad (16ms)
				EditorAssembliesLoaded (0ms)
			ExecutionOrderSort2 (0ms)
			AwakeInstancesAfterBackupRestoration (12ms)
Platform modules already initialized, skipping
========================================================================
Worker process is ready to serve import requests
Launched and connected shader compiler UnityShaderCompiler.exe after 0.05 seconds
Refreshing native plugins compatible for Editor in 0.57 ms, found 3 plugins.
Preloading 0 native plugins for Editor in 0.00 ms.
Unloading 3225 Unused Serialized files (Serialized files now loaded: 0)
Unloading 23 unused Assets / (112.1 KB). Loaded Objects now: 3685.
Memory consumption went from 112.1 MB to 112.0 MB.
Total: 2.670400 ms (FindLiveObjects: 0.258900 ms CreateObjectMapping: 0.197600 ms MarkObjects: 2.130300 ms  DeleteObjects: 0.082900 ms)

AssetImportParameters requested are different than current active one (requested -> active):
  custom:video-decoder-ogg-theora: a1e56fd34408186e4bbccfd4996cb3dc -> 
  custom:container-muxer-webm: aa71ff27fc2769a1b78a27578f13a17b -> 
  custom:container-demuxer-webm: 4f35f7cbe854078d1ac9338744f61a02 -> 
  custom:video-encoder-webm-vp8: eb34c28f22e8b96e1ab97ce403110664 -> 
  custom:audio-encoder-webm-vorbis: bf7c407c2cedff20999df2af8eb42d56 -> 
  custom:framework-win-MediaFoundation: 216162199b28c13a410421893ffa2e32 -> 
  custom:container-demuxer-ogg: 62fdf1f143b41e24485cea50d1cbac27 -> 
  custom:video-decoder-webm-vp8: 9c59270c3fd7afecdb556c50c9e8de78 -> 
  custom:audio-decoder-ogg-vorbis: bf7c407c2cedff20999df2af8eb42d56 -> 
========================================================================
Received Import Request.
  Time since last request: 898761.830739 seconds.
  path: Assets/Model/Ch09_body.mat
  artifactKey: Guid(c915f0c32d222e348a717d5cb19fcdd3) Importer(815301076,1909f56bfc062723c751e8b465ee728b)
Start importing Assets/Model/Ch09_body.mat using Guid(c915f0c32d222e348a717d5cb19fcdd3) Importer(815301076,1909f56bfc062723c751e8b465ee728b)  -> (artifact id: '64d1f48e0c82c60e167a3255a49b689f') in 0.429149 seconds 
========================================================================
Received Import Request.
  Time since last request: 114.257749 seconds.
  path: Assets/Model/Ch09_body.mat
  artifactKey: Guid(c915f0c32d222e348a717d5cb19fcdd3) Importer(815301076,1909f56bfc062723c751e8b465ee728b)
Start importing Assets/Model/Ch09_body.mat using Guid(c915f0c32d222e348a717d5cb19fcdd3) Importer(815301076,1909f56bfc062723c751e8b465ee728b)  -> (artifact id: 'd2c35d585b90c1c0c30b72dd55d45397') in 0.242905 seconds 
========================================================================
Received Import Request.
  Time since last request: 23.505458 seconds.
  path: Assets/Model/Ch09_nonPBR@Breathing Idle.fbx
  artifactKey: Guid(c97ea7fa7278f2a44a8f7b574b71f6be) Importer(815301076,1909f56bfc062723c751e8b465ee728b)
Start importing Assets/Model/Ch09_nonPBR@Breathing Idle.fbx using Guid(c97ea7fa7278f2a44a8f7b574b71f6be) Importer(815301076,1909f56bfc062723c751e8b465ee728b)  -> (artifact id: '01b7344689f6742bf0bac9e3f40ff12c') in 0.095619 seconds 
========================================================================
Received Import Request.
  Time since last request: 7.704462 seconds.
  path: Assets/Model/Ch09_nonPBR@Breathing Idle.fbx
  artifactKey: Guid(c97ea7fa7278f2a44a8f7b574b71f6be) Importer(815301076,1909f56bfc062723c751e8b465ee728b)
Start importing Assets/Model/Ch09_nonPBR@Breathing Idle.fbx using Guid(c97ea7fa7278f2a44a8f7b574b71f6be) Importer(815301076,1909f56bfc062723c751e8b465ee728b)  -> (artifact id: 'f2244009edd319d54f7dca1b3080c30a') in 0.030228 seconds 
========================================================================
Received Import Request.
  Time since last request: 43.795972 seconds.
  path: Assets/Model/Ch09_nonPBR@Breathing Idle.fbx
  artifactKey: Guid(c97ea7fa7278f2a44a8f7b574b71f6be) Importer(815301076,1909f56bfc062723c751e8b465ee728b)
Start importing Assets/Model/Ch09_nonPBR@Breathing Idle.fbx using Guid(c97ea7fa7278f2a44a8f7b574b71f6be) Importer(815301076,1909f56bfc062723c751e8b465ee728b)  -> (artifact id: '61852ca686a13ca13a21cfe1045b5ea6') in 0.256765 seconds 
========================================================================
Received Import Request.
  Time since last request: 6.854952 seconds.
  path: Assets/Model/Ch09_nonPBR@Breathing Idle.fbx
  artifactKey: Guid(c97ea7fa7278f2a44a8f7b574b71f6be) Importer(815301076,1909f56bfc062723c751e8b465ee728b)
Start importing Assets/Model/Ch09_nonPBR@Breathing Idle.fbx using Guid(c97ea7fa7278f2a44a8f7b574b71f6be) Importer(815301076,1909f56bfc062723c751e8b465ee728b)  -> (artifact id: '383fb8f76a52bd15e7793f2ba69b772c') in 0.030938 seconds 
========================================================================
Received Import Request.
  Time since last request: 19.862359 seconds.
  path: Assets/Model/Ch09_nonPBR@Breathing Idle.fbx
  artifactKey: Guid(c97ea7fa7278f2a44a8f7b574b71f6be) Importer(815301076,1909f56bfc062723c751e8b465ee728b)
Start importing Assets/Model/Ch09_nonPBR@Breathing Idle.fbx using Guid(c97ea7fa7278f2a44a8f7b574b71f6be) Importer(815301076,1909f56bfc062723c751e8b465ee728b)  -> (artifact id: '2bac128c1f4c5905f59092e20ea795fd') in 0.033208 seconds 
========================================================================
Received Import Request.
  Time since last request: 0.000030 seconds.
  path: Assets/Model/Ch09_1001_Normal 1.png
  artifactKey: Guid(30843841ea5f3cb47b7abc0686984583) Importer(815301076,1909f56bfc062723c751e8b465ee728b)
Start importing Assets/Model/Ch09_1001_Normal 1.png using Guid(30843841ea5f3cb47b7abc0686984583) Importer(815301076,1909f56bfc062723c751e8b465ee728b)  -> (artifact id: '5ae6d2876ce6a828d4c2f91382621d1c') in 0.037206 seconds 
========================================================================
Received Import Request.
  Time since last request: 18.298080 seconds.
  path: Assets/Model/Ch09_body.mat
  artifactKey: Guid(c915f0c32d222e348a717d5cb19fcdd3) Importer(815301076,1909f56bfc062723c751e8b465ee728b)
Start importing Assets/Model/Ch09_body.mat using Guid(c915f0c32d222e348a717d5cb19fcdd3) Importer(815301076,1909f56bfc062723c751e8b465ee728b)  -> (artifact id: 'bb6759a854a3afb4700b888076e406d5') in 0.014233 seconds 
========================================================================
Received Import Request.
  Time since last request: 5.523460 seconds.
  path: Assets/Model/Ch09_nonPBR@Breathing Idle.fbx
  artifactKey: Guid(c97ea7fa7278f2a44a8f7b574b71f6be) Importer(815301076,1909f56bfc062723c751e8b465ee728b)
Start importing Assets/Model/Ch09_nonPBR@Breathing Idle.fbx using Guid(c97ea7fa7278f2a44a8f7b574b71f6be) Importer(815301076,1909f56bfc062723c751e8b465ee728b)  -> (artifact id: '12ad674723f52029cb3ae21d6aa48aba') in 0.033412 seconds 
========================================================================
Received Import Request.
  Time since last request: 12.044151 seconds.
  path: Assets/Model/Ch09_nonPBR@Breathing Idle.fbx
  artifactKey: Guid(c97ea7fa7278f2a44a8f7b574b71f6be) Importer(815301076,1909f56bfc062723c751e8b465ee728b)
Start importing Assets/Model/Ch09_nonPBR@Breathing Idle.fbx using Guid(c97ea7fa7278f2a44a8f7b574b71f6be) Importer(815301076,1909f56bfc062723c751e8b465ee728b)  -> (artifact id: '8ab596b354c93dbec2fdf81476a5daa9') in 0.035056 seconds 
========================================================================
Received Import Request.
  Time since last request: 7.058765 seconds.
  path: Assets/Model/Ch09_nonPBR@Breathing Idle.fbx
  artifactKey: Guid(c97ea7fa7278f2a44a8f7b574b71f6be) Importer(815301076,1909f56bfc062723c751e8b465ee728b)
Start importing Assets/Model/Ch09_nonPBR@Breathing Idle.fbx using Guid(c97ea7fa7278f2a44a8f7b574b71f6be) Importer(815301076,1909f56bfc062723c751e8b465ee728b)  -> (artifact id: '73173b8400a7e5479012c52ba1b65fce') in 0.032656 seconds 
========================================================================
Received Import Request.
  Time since last request: 9.806622 seconds.
  path: Assets/Model/Ch09_nonPBR@Breathing Idle.fbx
  artifactKey: Guid(c97ea7fa7278f2a44a8f7b574b71f6be) Importer(815301076,1909f56bfc062723c751e8b465ee728b)
Start importing Assets/Model/Ch09_nonPBR@Breathing Idle.fbx using Guid(c97ea7fa7278f2a44a8f7b574b71f6be) Importer(815301076,1909f56bfc062723c751e8b465ee728b)  -> (artifact id: '442040aaeef8094041ed3c4c9eb15ac8') in 0.035574 seconds 
========================================================================
Received Import Request.
  Time since last request: 7.468616 seconds.
  path: Assets/Model/Ch09_nonPBR@Breathing Idle.fbx
  artifactKey: Guid(c97ea7fa7278f2a44a8f7b574b71f6be) Importer(815301076,1909f56bfc062723c751e8b465ee728b)
Start importing Assets/Model/Ch09_nonPBR@Breathing Idle.fbx using Guid(c97ea7fa7278f2a44a8f7b574b71f6be) Importer(815301076,1909f56bfc062723c751e8b465ee728b)  -> (artifact id: '89c436e648f4cc17ba745393cd1b12bd') in 0.031196 seconds 
========================================================================
Received Import Request.
  Time since last request: 22.711636 seconds.
  path: Assets/Model/Ch09_nonPBR@Breathing Idle.fbx
  artifactKey: Guid(c97ea7fa7278f2a44a8f7b574b71f6be) Importer(815301076,1909f56bfc062723c751e8b465ee728b)
Start importing Assets/Model/Ch09_nonPBR@Breathing Idle.fbx using Guid(c97ea7fa7278f2a44a8f7b574b71f6be) Importer(815301076,1909f56bfc062723c751e8b465ee728b)  -> (artifact id: '1b05d75d806d0c0d0937e25041fb0290') in 0.039569 seconds 
========================================================================
Received Import Request.
  Time since last request: 34.531308 seconds.
  path: Assets/Model/Timmy.fbx
  artifactKey: Guid(c97ea7fa7278f2a44a8f7b574b71f6be) Importer(815301076,1909f56bfc062723c751e8b465ee728b)
Start importing Assets/Model/Timmy.fbx using Guid(c97ea7fa7278f2a44a8f7b574b71f6be) Importer(815301076,1909f56bfc062723c751e8b465ee728b)  -> (artifact id: '640fc0bc3d75d6c9cc39e890c9a6a00e') in 0.031313 seconds 
========================================================================
Received Import Request.
  Time since last request: 41.743364 seconds.
  path: Assets/Model/Timmy Animator Controller.controller
  artifactKey: Guid(63c78f645a5a5114bb98fdd9b2710651) Importer(815301076,1909f56bfc062723c751e8b465ee728b)
Start importing Assets/Model/Timmy Animator Controller.controller using Guid(63c78f645a5a5114bb98fdd9b2710651) Importer(815301076,1909f56bfc062723c751e8b465ee728b)  -> (artifact id: 'd33c8bab7fd1e33053055e9b20029f0b') in 0.011796 seconds 
========================================================================
Received Prepare
Registering precompiled user dll's ...
Registered in 0.008018 seconds.
Begin MonoManager ReloadAssembly
Symbol file LoadedFromMemory doesn't match image C:\project\survival-game\SurvivalGame\Library\PackageCache\com.unity.visualscripting@1.7.6\Editor\VisualScripting.Core\Dependencies\YamlDotNet\Unity.VisualScripting.YamlDotNet.dll
Symbol file LoadedFromMemory is not a mono symbol file
Symbol file LoadedFromMemory doesn't match image C:\project\survival-game\SurvivalGame\Library\PackageCache\com.unity.visualscripting@1.7.6\Editor\VisualScripting.Core\Dependencies\DotNetZip\Unity.VisualScripting.IonicZip.dll
Native extension for WindowsStandalone target not found
Native extension for WebGL target not found
Refreshing native plugins compatible for Editor in 0.53 ms, found 3 plugins.
Preloading 0 native plugins for Editor in 0.00 ms.
Mono: successfully reloaded assembly
- Completed reload, in  1.160 seconds
Domain Reload Profiling:
	ReloadAssembly (1160ms)
		BeginReloadAssembly (165ms)
			ExecutionOrderSort (0ms)
			DisableScriptedObjects (5ms)
			BackupInstance (0ms)
			ReleaseScriptingObjects (0ms)
			CreateAndSetChildDomain (35ms)
		EndReloadAssembly (878ms)
			LoadAssemblies (134ms)
			RebuildTransferFunctionScriptingTraits (0ms)
			SetupTypeCache (303ms)
			ReleaseScriptCaches (1ms)
			RebuildScriptCaches (45ms)
			SetupLoadedEditorAssemblies (361ms)
				LogAssemblyErrors (0ms)
				InitializePlatformSupportModulesInManaged (20ms)
				SetLoadedEditorAssemblies (1ms)
				RefreshPlugins (1ms)
				BeforeProcessingInitializeOnLoad (85ms)
				ProcessInitializeOnLoadAttributes (213ms)
				ProcessInitializeOnLoadMethodAttributes (24ms)
				AfterProcessingInitializeOnLoad (18ms)
				EditorAssembliesLoaded (0ms)
			ExecutionOrderSort2 (0ms)
			AwakeInstancesAfterBackupRestoration (15ms)
Platform modules already initialized, skipping
Refreshing native plugins compatible for Editor in 3.42 ms, found 3 plugins.
Preloading 0 native plugins for Editor in 0.00 ms.
Unloading 3220 Unused Serialized files (Serialized files now loaded: 0)
Unloading 16 unused Assets / (79.0 KB). Loaded Objects now: 3732.
Memory consumption went from 129.6 MB to 129.5 MB.
Total: 4.509000 ms (FindLiveObjects: 0.333200 ms CreateObjectMapping: 0.287100 ms MarkObjects: 3.781600 ms  DeleteObjects: 0.105800 ms)

AssetImportParameters requested are different than current active one (requested -> active):
  custom:video-decoder-ogg-theora: a1e56fd34408186e4bbccfd4996cb3dc -> 
  custom:container-muxer-webm: aa71ff27fc2769a1b78a27578f13a17b -> 
  custom:container-demuxer-webm: 4f35f7cbe854078d1ac9338744f61a02 -> 
  custom:video-encoder-webm-vp8: eb34c28f22e8b96e1ab97ce403110664 -> 
  custom:audio-encoder-webm-vorbis: bf7c407c2cedff20999df2af8eb42d56 -> 
  custom:framework-win-MediaFoundation: 216162199b28c13a410421893ffa2e32 -> 
  custom:container-demuxer-ogg: 62fdf1f143b41e24485cea50d1cbac27 -> 
  custom:video-decoder-webm-vp8: 9c59270c3fd7afecdb556c50c9e8de78 -> 
  custom:audio-decoder-ogg-vorbis: bf7c407c2cedff20999df2af8eb42d56 -> 
========================================================================
Received Import Request.
  Time since last request: 386.227739 seconds.
  path: Assets/Model/Ch09_nonPBR@Walking.fbx
  artifactKey: Guid(5d6e03b7c07c4e747b94c7616acb02a6) Importer(815301076,1909f56bfc062723c751e8b465ee728b)
Start importing Assets/Model/Ch09_nonPBR@Walking.fbx using Guid(5d6e03b7c07c4e747b94c7616acb02a6) Importer(815301076,1909f56bfc062723c751e8b465ee728b)  -> (artifact id: '4029a3617bf43a7a9a7cf57f0d39feea') in 0.127857 seconds 
========================================================================
Received Import Request.
  Time since last request: 31.484592 seconds.
  path: Assets/Model/Timmy_Walk.fbx
  artifactKey: Guid(5d6e03b7c07c4e747b94c7616acb02a6) Importer(815301076,1909f56bfc062723c751e8b465ee728b)
Start importing Assets/Model/Timmy_Walk.fbx using Guid(5d6e03b7c07c4e747b94c7616acb02a6) Importer(815301076,1909f56bfc062723c751e8b465ee728b)  -> (artifact id: 'e58c61a5b1df85b514df0c0b2dae7ffa') in 0.047638 seconds 
========================================================================
Received Import Request.
  Time since last request: 42.793881 seconds.
  path: Assets/Model/Timmy_Walk.fbx
  artifactKey: Guid(5d6e03b7c07c4e747b94c7616acb02a6) Importer(815301076,1909f56bfc062723c751e8b465ee728b)
Start importing Assets/Model/Timmy_Walk.fbx using Guid(5d6e03b7c07c4e747b94c7616acb02a6) Importer(815301076,1909f56bfc062723c751e8b465ee728b)  -> (artifact id: 'd34048424ab5e4b703d7341d934778da') in 0.034838 seconds 
========================================================================
Received Import Request.
  Time since last request: 40.737735 seconds.
  path: Assets/Model/Timmy_Walk.fbx
  artifactKey: Guid(5d6e03b7c07c4e747b94c7616acb02a6) Importer(815301076,1909f56bfc062723c751e8b465ee728b)
Start importing Assets/Model/Timmy_Walk.fbx using Guid(5d6e03b7c07c4e747b94c7616acb02a6) Importer(815301076,1909f56bfc062723c751e8b465ee728b)  -> (artifact id: 'eb024ef614769df40daf073e0b4e1582') in 0.038309 seconds 
========================================================================
Received Import Request.
  Time since last request: 11.182362 seconds.
  path: Assets/Model/Timmy_Walk.fbx
  artifactKey: Guid(5d6e03b7c07c4e747b94c7616acb02a6) Importer(815301076,1909f56bfc062723c751e8b465ee728b)
Start importing Assets/Model/Timmy_Walk.fbx using Guid(5d6e03b7c07c4e747b94c7616acb02a6) Importer(815301076,1909f56bfc062723c751e8b465ee728b)  -> (artifact id: '88f4d6de005335f38540a7fa1d1da69f') in 0.031728 seconds 
========================================================================
Received Import Request.
  Time since last request: 33.792676 seconds.
  path: Assets/Model/Timmy_Walk.fbx
  artifactKey: Guid(5d6e03b7c07c4e747b94c7616acb02a6) Importer(815301076,1909f56bfc062723c751e8b465ee728b)
Start importing Assets/Model/Timmy_Walk.fbx using Guid(5d6e03b7c07c4e747b94c7616acb02a6) Importer(815301076,1909f56bfc062723c751e8b465ee728b)  -> (artifact id: 'c87df7698ec48e9002b24f8d03ab2b9a') in 0.048444 seconds 
========================================================================
Received Import Request.
  Time since last request: 117.720777 seconds.
  path: Assets/Test.asset
  artifactKey: Guid(1e4e62bd44d337c4f9abea06addd7241) Importer(815301076,1909f56bfc062723c751e8b465ee728b)
Start importing Assets/Test.asset using Guid(1e4e62bd44d337c4f9abea06addd7241) Importer(815301076,1909f56bfc062723c751e8b465ee728b)  -> (artifact id: '0b42eb71317d31ea74ab8f845254181b') in 0.207798 seconds 
========================================================================
Received Import Request.
  Time since last request: 8.398928 seconds.
  path: Assets/Events.asset
  artifactKey: Guid(1e4e62bd44d337c4f9abea06addd7241) Importer(815301076,1909f56bfc062723c751e8b465ee728b)
Start importing Assets/Events.asset using Guid(1e4e62bd44d337c4f9abea06addd7241) Importer(815301076,1909f56bfc062723c751e8b465ee728b)  -> (artifact id: '07060604122945db8a2b31314254183c') in 0.008229 seconds 
========================================================================
Received Import Request.
  Time since last request: 401.819325 seconds.
  path: ProjectSettings/TagManager.asset
  artifactKey: Guid(00000000000000003000000000000000) Importer(815301076,1909f56bfc062723c751e8b465ee728b)
Start importing ProjectSettings/TagManager.asset using Guid(00000000000000003000000000000000) Importer(815301076,1909f56bfc062723c751e8b465ee728b)  -> (artifact id: '5f74b9f0782f3ffe8a654b2b60a9f33c') in 0.007926 seconds 
========================================================================
Received Import Request.
  Time since last request: 81.815836 seconds.
  path: Assets/Events.asset
  artifactKey: Guid(1e4e62bd44d337c4f9abea06addd7241) Importer(815301076,1909f56bfc062723c751e8b465ee728b)
Start importing Assets/Events.asset using Guid(1e4e62bd44d337c4f9abea06addd7241) Importer(815301076,1909f56bfc062723c751e8b465ee728b)  -> (artifact id: '9c31a583d749d2af0f13fc80dbd96773') in 0.581845 seconds 
========================================================================
Received Prepare
Registering precompiled user dll's ...
Registered in 0.008120 seconds.
Begin MonoManager ReloadAssembly
Symbol file LoadedFromMemory doesn't match image C:\project\survival-game\SurvivalGame\Library\PackageCache\com.unity.visualscripting@1.7.6\Editor\VisualScripting.Core\Dependencies\YamlDotNet\Unity.VisualScripting.YamlDotNet.dll
Symbol file LoadedFromMemory is not a mono symbol file
Symbol file LoadedFromMemory doesn't match image C:\project\survival-game\SurvivalGame\Library\PackageCache\com.unity.visualscripting@1.7.6\Editor\VisualScripting.Core\Dependencies\DotNetZip\Unity.VisualScripting.IonicZip.dll
Native extension for WindowsStandalone target not found
Native extension for WebGL target not found
Refreshing native plugins compatible for Editor in 0.52 ms, found 3 plugins.
Preloading 0 native plugins for Editor in 0.00 ms.
Mono: successfully reloaded assembly
- Completed reload, in  1.090 seconds
Domain Reload Profiling:
	ReloadAssembly (1091ms)
		BeginReloadAssembly (173ms)
			ExecutionOrderSort (0ms)
			DisableScriptedObjects (5ms)
			BackupInstance (0ms)
			ReleaseScriptingObjects (0ms)
			CreateAndSetChildDomain (51ms)
		EndReloadAssembly (811ms)
			LoadAssemblies (126ms)
			RebuildTransferFunctionScriptingTraits (0ms)
			SetupTypeCache (263ms)
			ReleaseScriptCaches (2ms)
			RebuildScriptCaches (50ms)
			SetupLoadedEditorAssemblies (342ms)
				LogAssemblyErrors (0ms)
				InitializePlatformSupportModulesInManaged (22ms)
				SetLoadedEditorAssemblies (0ms)
				RefreshPlugins (1ms)
				BeforeProcessingInitializeOnLoad (86ms)
				ProcessInitializeOnLoadAttributes (195ms)
				ProcessInitializeOnLoadMethodAttributes (22ms)
				AfterProcessingInitializeOnLoad (17ms)
				EditorAssembliesLoaded (0ms)
			ExecutionOrderSort2 (0ms)
			AwakeInstancesAfterBackupRestoration (13ms)
Platform modules already initialized, skipping
Refreshing native plugins compatible for Editor in 3.57 ms, found 3 plugins.
Preloading 0 native plugins for Editor in 0.00 ms.
Unloading 3220 Unused Serialized files (Serialized files now loaded: 0)
Unloading 17 unused Assets / (79.0 KB). Loaded Objects now: 3735.
Memory consumption went from 129.6 MB to 129.5 MB.
Total: 4.734900 ms (FindLiveObjects: 0.374900 ms CreateObjectMapping: 0.297300 ms MarkObjects: 3.946500 ms  DeleteObjects: 0.114600 ms)

AssetImportParameters requested are different than current active one (requested -> active):
  custom:video-decoder-ogg-theora: a1e56fd34408186e4bbccfd4996cb3dc -> 
  custom:container-muxer-webm: aa71ff27fc2769a1b78a27578f13a17b -> 
  custom:container-demuxer-webm: 4f35f7cbe854078d1ac9338744f61a02 -> 
  custom:video-encoder-webm-vp8: eb34c28f22e8b96e1ab97ce403110664 -> 
  custom:audio-encoder-webm-vorbis: bf7c407c2cedff20999df2af8eb42d56 -> 
  custom:framework-win-MediaFoundation: 216162199b28c13a410421893ffa2e32 -> 
  custom:container-demuxer-ogg: 62fdf1f143b41e24485cea50d1cbac27 -> 
  custom:video-decoder-webm-vp8: 9c59270c3fd7afecdb556c50c9e8de78 -> 
  custom:audio-decoder-ogg-vorbis: bf7c407c2cedff20999df2af8eb42d56 -> 
========================================================================
Received Import Request.
  Time since last request: 103.374416 seconds.
  path: Assets/Events.asset
  artifactKey: Guid(1e4e62bd44d337c4f9abea06addd7241) Importer(815301076,1909f56bfc062723c751e8b465ee728b)
Start importing Assets/Events.asset using Guid(1e4e62bd44d337c4f9abea06addd7241) Importer(815301076,1909f56bfc062723c751e8b465ee728b)  -> (artifact id: '089995ea311f5abde0be6651ba18e016') in 0.746788 seconds 
========================================================================
Received Prepare
Registering precompiled user dll's ...
Registered in 0.008533 seconds.
Begin MonoManager ReloadAssembly
Symbol file LoadedFromMemory doesn't match image C:\project\survival-game\SurvivalGame\Library\PackageCache\com.unity.visualscripting@1.7.6\Editor\VisualScripting.Core\Dependencies\YamlDotNet\Unity.VisualScripting.YamlDotNet.dll
Symbol file LoadedFromMemory is not a mono symbol file
Symbol file LoadedFromMemory doesn't match image C:\project\survival-game\SurvivalGame\Library\PackageCache\com.unity.visualscripting@1.7.6\Editor\VisualScripting.Core\Dependencies\DotNetZip\Unity.VisualScripting.IonicZip.dll
Native extension for WindowsStandalone target not found
Native extension for WebGL target not found
Refreshing native plugins compatible for Editor in 0.56 ms, found 3 plugins.
Preloading 0 native plugins for Editor in 0.00 ms.
Mono: successfully reloaded assembly
- Completed reload, in  1.105 seconds
Domain Reload Profiling:
	ReloadAssembly (1106ms)
		BeginReloadAssembly (178ms)
			ExecutionOrderSort (0ms)
			DisableScriptedObjects (6ms)
			BackupInstance (0ms)
			ReleaseScriptingObjects (0ms)
			CreateAndSetChildDomain (50ms)
		EndReloadAssembly (807ms)
			LoadAssemblies (124ms)
			RebuildTransferFunctionScriptingTraits (0ms)
			SetupTypeCache (260ms)
			ReleaseScriptCaches (2ms)
			RebuildScriptCaches (48ms)
			SetupLoadedEditorAssemblies (333ms)
				LogAssemblyErrors (0ms)
				InitializePlatformSupportModulesInManaged (18ms)
				SetLoadedEditorAssemblies (1ms)
				RefreshPlugins (1ms)
				BeforeProcessingInitializeOnLoad (81ms)
				ProcessInitializeOnLoadAttributes (194ms)
				ProcessInitializeOnLoadMethodAttributes (23ms)
				AfterProcessingInitializeOnLoad (16ms)
				EditorAssembliesLoaded (0ms)
			ExecutionOrderSort2 (0ms)
			AwakeInstancesAfterBackupRestoration (14ms)
Platform modules already initialized, skipping
Refreshing native plugins compatible for Editor in 3.71 ms, found 3 plugins.
Preloading 0 native plugins for Editor in 0.00 ms.
Unloading 3220 Unused Serialized files (Serialized files now loaded: 0)
Unloading 16 unused Assets / (79.1 KB). Loaded Objects now: 3738.
Memory consumption went from 129.6 MB to 129.6 MB.
Total: 5.738700 ms (FindLiveObjects: 0.564900 ms CreateObjectMapping: 0.410400 ms MarkObjects: 4.647500 ms  DeleteObjects: 0.114600 ms)

AssetImportParameters requested are different than current active one (requested -> active):
  custom:video-decoder-ogg-theora: a1e56fd34408186e4bbccfd4996cb3dc -> 
  custom:container-muxer-webm: aa71ff27fc2769a1b78a27578f13a17b -> 
  custom:container-demuxer-webm: 4f35f7cbe854078d1ac9338744f61a02 -> 
  custom:video-encoder-webm-vp8: eb34c28f22e8b96e1ab97ce403110664 -> 
  custom:audio-encoder-webm-vorbis: bf7c407c2cedff20999df2af8eb42d56 -> 
  custom:framework-win-MediaFoundation: 216162199b28c13a410421893ffa2e32 -> 
  custom:container-demuxer-ogg: 62fdf1f143b41e24485cea50d1cbac27 -> 
  custom:video-decoder-webm-vp8: 9c59270c3fd7afecdb556c50c9e8de78 -> 
  custom:audio-decoder-ogg-vorbis: bf7c407c2cedff20999df2af8eb42d56 -> 
========================================================================
Received Import Request.
  Time since last request: 355.481093 seconds.
  path: Assets/Model/Timmy Animator Controller.controller
  artifactKey: Guid(63c78f645a5a5114bb98fdd9b2710651) Importer(815301076,1909f56bfc062723c751e8b465ee728b)
Start importing Assets/Model/Timmy Animator Controller.controller using Guid(63c78f645a5a5114bb98fdd9b2710651) Importer(815301076,1909f56bfc062723c751e8b465ee728b)  -> (artifact id: 'ffe16cfcabc64bfd8d087e01356a0ee2') in 0.024823 seconds 
========================================================================
Received Prepare
Registering precompiled user dll's ...
Registered in 0.008698 seconds.
Begin MonoManager ReloadAssembly
Symbol file LoadedFromMemory doesn't match image C:\project\survival-game\SurvivalGame\Library\PackageCache\com.unity.visualscripting@1.7.6\Editor\VisualScripting.Core\Dependencies\YamlDotNet\Unity.VisualScripting.YamlDotNet.dll
Symbol file LoadedFromMemory is not a mono symbol file
Symbol file LoadedFromMemory doesn't match image C:\project\survival-game\SurvivalGame\Library\PackageCache\com.unity.visualscripting@1.7.6\Editor\VisualScripting.Core\Dependencies\DotNetZip\Unity.VisualScripting.IonicZip.dll
Native extension for WindowsStandalone target not found
Native extension for WebGL target not found
Refreshing native plugins compatible for Editor in 0.52 ms, found 3 plugins.
Preloading 0 native plugins for Editor in 0.00 ms.
Mono: successfully reloaded assembly
- Completed reload, in  1.148 seconds
Domain Reload Profiling:
	ReloadAssembly (1149ms)
		BeginReloadAssembly (199ms)
			ExecutionOrderSort (0ms)
			DisableScriptedObjects (6ms)
			BackupInstance (0ms)
			ReleaseScriptingObjects (0ms)
			CreateAndSetChildDomain (44ms)
		EndReloadAssembly (822ms)
			LoadAssemblies (142ms)
			RebuildTransferFunctionScriptingTraits (0ms)
			SetupTypeCache (281ms)
			ReleaseScriptCaches (1ms)
			RebuildScriptCaches (44ms)
			SetupLoadedEditorAssemblies (343ms)
				LogAssemblyErrors (0ms)
				InitializePlatformSupportModulesInManaged (19ms)
				SetLoadedEditorAssemblies (1ms)
				RefreshPlugins (1ms)
				BeforeProcessingInitializeOnLoad (88ms)
				ProcessInitializeOnLoadAttributes (195ms)
				ProcessInitializeOnLoadMethodAttributes (23ms)
				AfterProcessingInitializeOnLoad (16ms)
				EditorAssembliesLoaded (0ms)
			ExecutionOrderSort2 (0ms)
			AwakeInstancesAfterBackupRestoration (13ms)
Platform modules already initialized, skipping
Refreshing native plugins compatible for Editor in 3.40 ms, found 3 plugins.
Preloading 0 native plugins for Editor in 0.00 ms.
Unloading 3220 Unused Serialized files (Serialized files now loaded: 0)
Unloading 16 unused Assets / (79.0 KB). Loaded Objects now: 3741.
Memory consumption went from 129.6 MB to 129.6 MB.
Total: 3.846400 ms (FindLiveObjects: 0.324000 ms CreateObjectMapping: 0.269900 ms MarkObjects: 3.146600 ms  DeleteObjects: 0.104700 ms)

AssetImportParameters requested are different than current active one (requested -> active):
  custom:video-decoder-ogg-theora: a1e56fd34408186e4bbccfd4996cb3dc -> 
  custom:container-muxer-webm: aa71ff27fc2769a1b78a27578f13a17b -> 
  custom:container-demuxer-webm: 4f35f7cbe854078d1ac9338744f61a02 -> 
  custom:video-encoder-webm-vp8: eb34c28f22e8b96e1ab97ce403110664 -> 
  custom:audio-encoder-webm-vorbis: bf7c407c2cedff20999df2af8eb42d56 -> 
  custom:framework-win-MediaFoundation: 216162199b28c13a410421893ffa2e32 -> 
  custom:container-demuxer-ogg: 62fdf1f143b41e24485cea50d1cbac27 -> 
  custom:video-decoder-webm-vp8: 9c59270c3fd7afecdb556c50c9e8de78 -> 
  custom:audio-decoder-ogg-vorbis: bf7c407c2cedff20999df2af8eb42d56 -> 
========================================================================
Received Prepare
Registering precompiled user dll's ...
Registered in 0.007750 seconds.
Begin MonoManager ReloadAssembly
Symbol file LoadedFromMemory doesn't match image C:\project\survival-game\SurvivalGame\Library\PackageCache\com.unity.visualscripting@1.7.6\Editor\VisualScripting.Core\Dependencies\YamlDotNet\Unity.VisualScripting.YamlDotNet.dll
Symbol file LoadedFromMemory is not a mono symbol file
Symbol file LoadedFromMemory doesn't match image C:\project\survival-game\SurvivalGame\Library\PackageCache\com.unity.visualscripting@1.7.6\Editor\VisualScripting.Core\Dependencies\DotNetZip\Unity.VisualScripting.IonicZip.dll
Native extension for WindowsStandalone target not found
Native extension for WebGL target not found
Refreshing native plugins compatible for Editor in 0.49 ms, found 3 plugins.
Preloading 0 native plugins for Editor in 0.00 ms.
Mono: successfully reloaded assembly
- Completed reload, in  1.070 seconds
Domain Reload Profiling:
	ReloadAssembly (1071ms)
		BeginReloadAssembly (161ms)
			ExecutionOrderSort (0ms)
			DisableScriptedObjects (6ms)
			BackupInstance (0ms)
			ReleaseScriptingObjects (0ms)
			CreateAndSetChildDomain (30ms)
		EndReloadAssembly (798ms)
			LoadAssemblies (127ms)
			RebuildTransferFunctionScriptingTraits (0ms)
			SetupTypeCache (250ms)
			ReleaseScriptCaches (1ms)
			RebuildScriptCaches (44ms)
			SetupLoadedEditorAssemblies (355ms)
				LogAssemblyErrors (0ms)
				InitializePlatformSupportModulesInManaged (18ms)
				SetLoadedEditorAssemblies (0ms)
				RefreshPlugins (1ms)
				BeforeProcessingInitializeOnLoad (83ms)
				ProcessInitializeOnLoadAttributes (210ms)
				ProcessInitializeOnLoadMethodAttributes (28ms)
				AfterProcessingInitializeOnLoad (16ms)
				EditorAssembliesLoaded (0ms)
			ExecutionOrderSort2 (0ms)
			AwakeInstancesAfterBackupRestoration (12ms)
Platform modules already initialized, skipping
Refreshing native plugins compatible for Editor in 4.12 ms, found 3 plugins.
Preloading 0 native plugins for Editor in 0.00 ms.
Unloading 3220 Unused Serialized files (Serialized files now loaded: 0)
Unloading 16 unused Assets / (79.0 KB). Loaded Objects now: 3744.
Memory consumption went from 129.7 MB to 129.6 MB.
Total: 4.860000 ms (FindLiveObjects: 0.464300 ms CreateObjectMapping: 0.441100 ms MarkObjects: 3.850600 ms  DeleteObjects: 0.102500 ms)

AssetImportParameters requested are different than current active one (requested -> active):
  custom:video-decoder-ogg-theora: a1e56fd34408186e4bbccfd4996cb3dc -> 
  custom:container-muxer-webm: aa71ff27fc2769a1b78a27578f13a17b -> 
  custom:container-demuxer-webm: 4f35f7cbe854078d1ac9338744f61a02 -> 
  custom:video-encoder-webm-vp8: eb34c28f22e8b96e1ab97ce403110664 -> 
  custom:audio-encoder-webm-vorbis: bf7c407c2cedff20999df2af8eb42d56 -> 
  custom:framework-win-MediaFoundation: 216162199b28c13a410421893ffa2e32 -> 
  custom:container-demuxer-ogg: 62fdf1f143b41e24485cea50d1cbac27 -> 
  custom:video-decoder-webm-vp8: 9c59270c3fd7afecdb556c50c9e8de78 -> 
  custom:audio-decoder-ogg-vorbis: bf7c407c2cedff20999df2af8eb42d56 -> 
========================================================================
Received Prepare
Registering precompiled user dll's ...
Registered in 0.008726 seconds.
Begin MonoManager ReloadAssembly
Symbol file LoadedFromMemory doesn't match image C:\project\survival-game\SurvivalGame\Library\PackageCache\com.unity.visualscripting@1.7.6\Editor\VisualScripting.Core\Dependencies\YamlDotNet\Unity.VisualScripting.YamlDotNet.dll
Symbol file LoadedFromMemory is not a mono symbol file
Symbol file LoadedFromMemory doesn't match image C:\project\survival-game\SurvivalGame\Library\PackageCache\com.unity.visualscripting@1.7.6\Editor\VisualScripting.Core\Dependencies\DotNetZip\Unity.VisualScripting.IonicZip.dll
Native extension for WindowsStandalone target not found
Native extension for WebGL target not found
Refreshing native plugins compatible for Editor in 0.50 ms, found 3 plugins.
Preloading 0 native plugins for Editor in 0.00 ms.
Mono: successfully reloaded assembly
- Completed reload, in  1.077 seconds
Domain Reload Profiling:
	ReloadAssembly (1077ms)
		BeginReloadAssembly (161ms)
			ExecutionOrderSort (0ms)
			DisableScriptedObjects (6ms)
			BackupInstance (0ms)
			ReleaseScriptingObjects (0ms)
			CreateAndSetChildDomain (31ms)
		EndReloadAssembly (798ms)
			LoadAssemblies (130ms)
			RebuildTransferFunctionScriptingTraits (0ms)
			SetupTypeCache (269ms)
			ReleaseScriptCaches (1ms)
			RebuildScriptCaches (40ms)
			SetupLoadedEditorAssemblies (331ms)
				LogAssemblyErrors (0ms)
				InitializePlatformSupportModulesInManaged (18ms)
				SetLoadedEditorAssemblies (0ms)
				RefreshPlugins (1ms)
				BeforeProcessingInitializeOnLoad (80ms)
				ProcessInitializeOnLoadAttributes (193ms)
				ProcessInitializeOnLoadMethodAttributes (22ms)
				AfterProcessingInitializeOnLoad (17ms)
				EditorAssembliesLoaded (0ms)
			ExecutionOrderSort2 (0ms)
			AwakeInstancesAfterBackupRestoration (17ms)
Platform modules already initialized, skipping
Refreshing native plugins compatible for Editor in 3.97 ms, found 3 plugins.
Preloading 0 native plugins for Editor in 0.00 ms.
Unloading 3220 Unused Serialized files (Serialized files now loaded: 0)
Unloading 16 unused Assets / (79.0 KB). Loaded Objects now: 3747.
Memory consumption went from 129.7 MB to 129.6 MB.
Total: 4.665400 ms (FindLiveObjects: 0.330000 ms CreateObjectMapping: 0.273400 ms MarkObjects: 3.952900 ms  DeleteObjects: 0.106900 ms)

AssetImportParameters requested are different than current active one (requested -> active):
  custom:video-decoder-ogg-theora: a1e56fd34408186e4bbccfd4996cb3dc -> 
  custom:container-muxer-webm: aa71ff27fc2769a1b78a27578f13a17b -> 
  custom:container-demuxer-webm: 4f35f7cbe854078d1ac9338744f61a02 -> 
  custom:video-encoder-webm-vp8: eb34c28f22e8b96e1ab97ce403110664 -> 
  custom:audio-encoder-webm-vorbis: bf7c407c2cedff20999df2af8eb42d56 -> 
  custom:framework-win-MediaFoundation: 216162199b28c13a410421893ffa2e32 -> 
  custom:container-demuxer-ogg: 62fdf1f143b41e24485cea50d1cbac27 -> 
  custom:video-decoder-webm-vp8: 9c59270c3fd7afecdb556c50c9e8de78 -> 
  custom:audio-decoder-ogg-vorbis: bf7c407c2cedff20999df2af8eb42d56 -> 
========================================================================
Received Import Request.
  Time since last request: 104.947067 seconds.
  path: Assets/Model/Timmy_Walk.fbx
  artifactKey: Guid(5d6e03b7c07c4e747b94c7616acb02a6) Importer(815301076,1909f56bfc062723c751e8b465ee728b)
Start importing Assets/Model/Timmy_Walk.fbx using Guid(5d6e03b7c07c4e747b94c7616acb02a6) Importer(815301076,1909f56bfc062723c751e8b465ee728b)  -> (artifact id: '95aad9e892896956d2877b178d480f92') in 0.114278 seconds 
========================================================================
Received Import Request.
  Time since last request: 118.305935 seconds.
  path: Assets/Unity.VisualScripting.Generated/VisualScripting.Flow
  artifactKey: Guid(21c9009371ab9874d996905b2a4c27de) Importer(815301076,1909f56bfc062723c751e8b465ee728b)
Start importing Assets/Unity.VisualScripting.Generated/VisualScripting.Flow using Guid(21c9009371ab9874d996905b2a4c27de) Importer(815301076,1909f56bfc062723c751e8b465ee728b)  -> (artifact id: 'd29848622aaf72e0a748ae45f71bcb2a') in 0.007075 seconds 
========================================================================
Received Import Request.
  Time since last request: 0.902087 seconds.
  path: Assets/Unity.VisualScripting.Generated/VisualScripting.Flow/UnitOptions.db
  artifactKey: Guid(a0abfe322065ffc44b9978b04ac13d9b) Importer(815301076,1909f56bfc062723c751e8b465ee728b)
Start importing Assets/Unity.VisualScripting.Generated/VisualScripting.Flow/UnitOptions.db using Guid(a0abfe322065ffc44b9978b04ac13d9b) Importer(815301076,1909f56bfc062723c751e8b465ee728b)  -> (artifact id: '2798ba326d2da26dc2a07002706e8c74') in 0.010408 seconds 
========================================================================
Received Import Request.
  Time since last request: 4.077937 seconds.
  path: Assets
  artifactKey: Guid(00000000000000001000000000000000) Importer(815301076,1909f56bfc062723c751e8b465ee728b)
Start importing Assets using Guid(00000000000000001000000000000000) Importer(815301076,1909f56bfc062723c751e8b465ee728b)  -> (artifact id: '79842766b460edbeab6a34051e857a80') in 0.006905 seconds 
========================================================================
Received Import Request.
  Time since last request: 13.274810 seconds.
  path: Assets/Ch09_nonPBR@Walking.fbx
  artifactKey: Guid(a15d17500463be44e9cd10d37ba8506b) Importer(815301076,1909f56bfc062723c751e8b465ee728b)
Start importing Assets/Ch09_nonPBR@Walking.fbx using Guid(a15d17500463be44e9cd10d37ba8506b) Importer(815301076,1909f56bfc062723c751e8b465ee728b)  -> (artifact id: '54029a369b7043ad4eb89a4599852018') in 0.059589 seconds 
========================================================================
Received Import Request.
  Time since last request: 3.255162 seconds.
  path: Assets/Ch09_nonPBR@Walking.fbx
  artifactKey: Guid(a15d17500463be44e9cd10d37ba8506b) Importer(815301076,1909f56bfc062723c751e8b465ee728b)
Start importing Assets/Ch09_nonPBR@Walking.fbx using Guid(a15d17500463be44e9cd10d37ba8506b) Importer(815301076,1909f56bfc062723c751e8b465ee728b)  -> (artifact id: 'fd0b8d7efdd7ceceddd409619f4f0453') in 0.039151 seconds 
========================================================================
Received Import Request.
  Time since last request: 26.124245 seconds.
  path: Assets/Model/Timmy.fbx
  artifactKey: Guid(c97ea7fa7278f2a44a8f7b574b71f6be) Importer(815301076,1909f56bfc062723c751e8b465ee728b)
Start importing Assets/Model/Timmy.fbx using Guid(c97ea7fa7278f2a44a8f7b574b71f6be) Importer(815301076,1909f56bfc062723c751e8b465ee728b)  -> (artifact id: 'fc470e4591fd4cb7fb392cfdafd24546') in 0.060034 seconds 
========================================================================
Received Import Request.
  Time since last request: 3.829813 seconds.
  path: Assets/Ch09_nonPBR@Walking.fbx
  artifactKey: Guid(a15d17500463be44e9cd10d37ba8506b) Importer(815301076,1909f56bfc062723c751e8b465ee728b)
Start importing Assets/Ch09_nonPBR@Walking.fbx using Guid(a15d17500463be44e9cd10d37ba8506b) Importer(815301076,1909f56bfc062723c751e8b465ee728b)  -> (artifact id: '0098f38eb964da9ea067289e57f2b9da') in 0.067267 seconds 
========================================================================
Received Import Request.
  Time since last request: 5.269635 seconds.
  path: Assets/Ch09_nonPBR@Walking.fbx
  artifactKey: Guid(a15d17500463be44e9cd10d37ba8506b) Importer(815301076,1909f56bfc062723c751e8b465ee728b)
Start importing Assets/Ch09_nonPBR@Walking.fbx using Guid(a15d17500463be44e9cd10d37ba8506b) Importer(815301076,1909f56bfc062723c751e8b465ee728b)  -> (artifact id: '5b919ea6e67a3cd4b905aadeb279eaab') in 0.058886 seconds 
========================================================================
Received Import Request.
  Time since last request: 15.789817 seconds.
  path: Assets/Scenes
  artifactKey: Guid(6ea315d0fd7389c41b19996891e99ae3) Importer(815301076,1909f56bfc062723c751e8b465ee728b)
Start importing Assets/Scenes using Guid(6ea315d0fd7389c41b19996891e99ae3) Importer(815301076,1909f56bfc062723c751e8b465ee728b)  -> (artifact id: 'b8193726cff86800c54781cdc6d54904') in 0.006744 seconds 
========================================================================
Received Import Request.
  Time since last request: 0.530104 seconds.
  path: Assets/Unity.VisualScripting.Generated
  artifactKey: Guid(976495857e8cdeb4eab994adae871101) Importer(815301076,1909f56bfc062723c751e8b465ee728b)
Start importing Assets/Unity.VisualScripting.Generated using Guid(976495857e8cdeb4eab994adae871101) Importer(815301076,1909f56bfc062723c751e8b465ee728b)  -> (artifact id: '174bbcf25f5e8b8c8c4dbc43e0308304') in 0.006827 seconds 
========================================================================
Received Import Request.
  Time since last request: 1.798622 seconds.
  path: Assets/Model/Ch09_1001_Normal.png
  artifactKey: Guid(ed4e50f7e38aa82488c0cd51e8ae7ba3) Importer(815301076,1909f56bfc062723c751e8b465ee728b)
Start importing Assets/Model/Ch09_1001_Normal.png using Guid(ed4e50f7e38aa82488c0cd51e8ae7ba3) Importer(815301076,1909f56bfc062723c751e8b465ee728b)  -> (artifact id: '59800c3c3d1241b5728f8fa31ba1b13f') in 0.026883 seconds 
========================================================================
Received Import Request.
  Time since last request: 0.000032 seconds.
  path: Assets/Model/Timmy_Walk.fbx
  artifactKey: Guid(5d6e03b7c07c4e747b94c7616acb02a6) Importer(815301076,1909f56bfc062723c751e8b465ee728b)
Start importing Assets/Model/Timmy_Walk.fbx using Guid(5d6e03b7c07c4e747b94c7616acb02a6) Importer(815301076,1909f56bfc062723c751e8b465ee728b)  -> (artifact id: '48c6f1a33300010f14c5478a4c876612') in 0.034398 seconds 
========================================================================
Received Import Request.
  Time since last request: 16.256397 seconds.
  path: Assets/Ch09_nonPBR@Breathing Idle.fbx
  artifactKey: Guid(46b5b3d0027d0424ba65b8c16ee9be2f) Importer(815301076,1909f56bfc062723c751e8b465ee728b)
Start importing Assets/Ch09_nonPBR@Breathing Idle.fbx using Guid(46b5b3d0027d0424ba65b8c16ee9be2f) Importer(815301076,1909f56bfc062723c751e8b465ee728b)  -> (artifact id: 'e4bb0efa44bdf81a60e5ce01a809f75c') in 0.034293 seconds 
========================================================================
Received Import Request.
  Time since last request: 9.810989 seconds.
  path: Assets/Ch09_nonPBR@Breathing Idle.fbx
  artifactKey: Guid(46b5b3d0027d0424ba65b8c16ee9be2f) Importer(815301076,1909f56bfc062723c751e8b465ee728b)
Start importing Assets/Ch09_nonPBR@Breathing Idle.fbx using Guid(46b5b3d0027d0424ba65b8c16ee9be2f) Importer(815301076,1909f56bfc062723c751e8b465ee728b)  -> (artifact id: '9e3a4c0471aa25fc14f18c4e1efc00bd') in 0.057760 seconds 
========================================================================
Received Import Request.
  Time since last request: 12.444293 seconds.
  path: Assets/Ch09_nonPBR@Breathing Idle.fbx
  artifactKey: Guid(46b5b3d0027d0424ba65b8c16ee9be2f) Importer(815301076,1909f56bfc062723c751e8b465ee728b)
Start importing Assets/Ch09_nonPBR@Breathing Idle.fbx using Guid(46b5b3d0027d0424ba65b8c16ee9be2f) Importer(815301076,1909f56bfc062723c751e8b465ee728b)  -> (artifact id: 'a9d2c8183b66986d7fdc44138feba79a') in 0.037033 seconds 
========================================================================
Received Import Request.
  Time since last request: 22.034937 seconds.
  path: Assets/Ch09_nonPBR@Breathing Idle.fbx
  artifactKey: Guid(46b5b3d0027d0424ba65b8c16ee9be2f) Importer(815301076,1909f56bfc062723c751e8b465ee728b)
Start importing Assets/Ch09_nonPBR@Breathing Idle.fbx using Guid(46b5b3d0027d0424ba65b8c16ee9be2f) Importer(815301076,1909f56bfc062723c751e8b465ee728b)  -> (artifact id: '4af3d94b8f23fddd2c5f8ddec9e059b9') in 0.040532 seconds 
========================================================================
Received Import Request.
  Time since last request: 15.689841 seconds.
  path: Assets/Model/Idle.fbx
  artifactKey: Guid(46b5b3d0027d0424ba65b8c16ee9be2f) Importer(815301076,1909f56bfc062723c751e8b465ee728b)
Start importing Assets/Model/Idle.fbx using Guid(46b5b3d0027d0424ba65b8c16ee9be2f) Importer(815301076,1909f56bfc062723c751e8b465ee728b)  -> (artifact id: 'a609a2032bd3aafc64e553945bb87447') in 0.050593 seconds 
========================================================================
Received Import Request.
  Time since last request: 5.535673 seconds.
  path: Assets/Model/Walk.fbx
  artifactKey: Guid(a15d17500463be44e9cd10d37ba8506b) Importer(815301076,1909f56bfc062723c751e8b465ee728b)
Start importing Assets/Model/Walk.fbx using Guid(a15d17500463be44e9cd10d37ba8506b) Importer(815301076,1909f56bfc062723c751e8b465ee728b)  -> (artifact id: '58fab9902987e3dd6b9b04ff22233df0') in 0.060435 seconds 
========================================================================
Received Import Request.
  Time since last request: 5.771707 seconds.
  path: Assets/Model/Walk.fbx
  artifactKey: Guid(a15d17500463be44e9cd10d37ba8506b) Importer(815301076,1909f56bfc062723c751e8b465ee728b)
Start importing Assets/Model/Walk.fbx using Guid(a15d17500463be44e9cd10d37ba8506b) Importer(815301076,1909f56bfc062723c751e8b465ee728b)  -> (artifact id: '82792ef8d0bda09bba0be32f4c33a673') in 0.049015 seconds 
========================================================================
Received Import Request.
  Time since last request: 10.568851 seconds.
  path: Assets/Model/Idle.fbx
  artifactKey: Guid(46b5b3d0027d0424ba65b8c16ee9be2f) Importer(815301076,1909f56bfc062723c751e8b465ee728b)
Start importing Assets/Model/Idle.fbx using Guid(46b5b3d0027d0424ba65b8c16ee9be2f) Importer(815301076,1909f56bfc062723c751e8b465ee728b)  -> (artifact id: '2caba2da22d164d6f2e0ffa3273dbf4d') in 0.050600 seconds 
========================================================================
Received Import Request.
  Time since last request: 0.025350 seconds.
  path: Assets/Model/Ch09_1001_Normal.png
  artifactKey: Guid(3ca94aa617713fb4f9125ff91c44785e) Importer(815301076,1909f56bfc062723c751e8b465ee728b)
Start importing Assets/Model/Ch09_1001_Normal.png using Guid(3ca94aa617713fb4f9125ff91c44785e) Importer(815301076,1909f56bfc062723c751e8b465ee728b)  -> (artifact id: 'c6572067452352150df67d77404fb538') in 0.020331 seconds 
========================================================================
Received Import Request.
  Time since last request: 0.000025 seconds.
  path: Assets/Model/Walk.fbx
  artifactKey: Guid(a15d17500463be44e9cd10d37ba8506b) Importer(815301076,1909f56bfc062723c751e8b465ee728b)
Start importing Assets/Model/Walk.fbx using Guid(a15d17500463be44e9cd10d37ba8506b) Importer(815301076,1909f56bfc062723c751e8b465ee728b)  -> (artifact id: '9c031f84e8e48fc3151b550dfb731758') in 0.060158 seconds 
========================================================================
Received Import Request.
  Time since last request: 8.216867 seconds.
  path: Assets/Model/Idle.fbx
  artifactKey: Guid(46b5b3d0027d0424ba65b8c16ee9be2f) Importer(815301076,1909f56bfc062723c751e8b465ee728b)
Start importing Assets/Model/Idle.fbx using Guid(46b5b3d0027d0424ba65b8c16ee9be2f) Importer(815301076,1909f56bfc062723c751e8b465ee728b)  -> (artifact id: '1abff7cdc7100de8048b8692854e7d7f') in 0.042547 seconds 
Editor requested this worker to shutdown with reason: Scaling down because of idle timeout
AssetImportWorker is now disconnected from the server
Process exiting
Exiting without the bug reporter. Application will terminate with return code 0